001 HAM 0.1773539198051301204670000345
002 SPAM 0.9999778637394136546296697565
003 HAM 1.427759025562649377570645577E-10
004 HAM 8.067205438570043135226971692E-8
005 HAM 5.410794664086722327510006246E-10
006 HAM 0.0001007313557852514001856495445
007 HAM 5.067130210637435098152244154E-60
008 SPAM 0.9999770407198805797723085997
009 HAM 1.019684898224287691415969050E-598
010 HAM 0.01713604147672720816466537966
011 SPAM 1
012 HAM 5.594377619037656745468046474E-63
013 HAM 5.146615679669650311786415411E-70
014 HAM 2.624661893292922743624178736E-81
015 HAM 1.950633423083928692430818529E-18
016 SPAM 0.9999787249106850104563451311
017 HAM 8.936343937081819803720245294E-7
018 HAM 2.658402036607773198923910254E-10
019 SPAM 1
020 HAM 4.402068508483933882970515236E-29
021 HAM 0.000001233385214173653539052387768
022 HAM 7.377017709362296465105002942E-26
023 HAM 0.003398550939991835466683878273
024 HAM 0.00002156372256586987831557351684
025 HAM 5.238599275989993530237463329E-24
026 HAM 0.00001522180945197358619443955609
027 HAM 1.404293628215779401498869714E-154
028 HAM 3.625444941698567216558305605E-15
029 HAM 2.981704414086853332150974356E-66
030 SPAM 0.9999999999999999981017425305
031 HAM 7.502795553987954549731104247E-16
032 HAM 4.611167975383553469631490617E-13
033 HAM 4.014304178587869144879362882E-26
034 HAM 2.238363884109924390218038854E-66
035 HAM 2.637508577382925005004218313E-22
036 HAM 4.660634506657642624570199386E-53
037 HAM 1.087613531277605229228858504E-15
038 SPAM 0.9985941281925080480811724677
039 HAM 0.002378080437825819962200187235
040 HAM 3.936113663568991725584153002E-24
041 SPAM 0.9999646005811217650772096340
042 SPAM 0.9303169347922043857569881206
043 HAM 2.546608976807542179761517709E-32
044 HAM 0.4085344091963946133745732136
045 HAM 0.0006073254342710253057441779309
046 HAM 3.121596582583234445846649043E-41
047 HAM 3.213797851385151034263578029E-51
048 SPAM 0.9747626647677971674753724365
049 HAM 0.03602935838556963151442443572
050 HAM 8.600191045205694152371613126E-7
051 HAM 1.804848624126064772186103859E-92
052 SPAM 1
053 HAM 0.03548751965908695659432526472
054 HAM 0.0001292514810897911949136607078
055 HAM 1.003355905143938444504142464E-78
056 SPAM 0.9999994056675258808973960960
057 HAM 1.119827348057147617115960137E-9
058 SPAM 1
059 HAM 3.695884611851735739963214494E-54
060 HAM 0.000001194275447716442169441738199
061 SPAM 0.9999991791827644062907041061
062 HAM 0.001124322326538042106709205081
063 HAM 0.0001759278009149241744301987478
064 SPAM 0.9999999996437442358929718746
065 SPAM 0.8735637964662283293264149738
066 HAM 1.899602140752079873501673436E-18
067 HAM 3.717756837311227934954851166E-12
068 SPAM 0.9999999999655277622205454965
069 HAM 9.453988786508422891523561648E-15
070 HAM 0.000001358167846584613628721759014
071 SPAM 0.9999999999999999999999997257
072 SPAM 0.8967270754773254532986932481
073 HAM 1.709639548917830396150118873E-31
074 HAM 0.01552609027248600374397401489
075 HAM 5.587296503112903555664441014E-17
076 SPAM 0.9739941123012592395554669568
077 HAM 6.266444719502130883529152425E-24
078 HAM 1.916544594494688572458093442E-17
079 HAM 1.282253812606825486826192517E-18
080 HAM 1.881481432870160827020774243E-31
081 HAM 0.000005927224837733321135698502943
082 HAM 0.0002708552553903956782055443579
083 SPAM 0.9555746850146582283511486367
084 HAM 9.184045981020675755604452232E-45
085 HAM 9.452488828224959301235801162E-26
086 HAM 1.169814499486131521727836336E-30
087 HAM 0.009893754679719752194074648517
088 SPAM 0.9998947223904919325248527722
089 HAM 2.119626428705440077283523975E-44
090 HAM 2.212375740719884018116623029E-50
091 HAM 2.015582757693088764444594719E-110
092 SPAM 0.9997546117642121808836752184
093 HAM 2.099856000559642104869585453E-9
094 HAM 3.732880037020212862291835465E-26
095 HAM 1.062193189887953158135491351E-9
096 HAM 0.04850575870303819726435748299
097 HAM 7.861094169590352179364263445E-23
098 SPAM 1
099 HAM 9.189352804279684743360290565E-36
100 HAM 7.616818334940036655110816737E-40

HAM
Dictionary Size: 2298
Total Number of Words: 14572

SPAM
Dictionary Size: 6881
Total Number of Words: 20403
