001.ham HAM 5.340105623659953054918842776E-56
002.spam SPAM 1
003.ham HAM 4.478367179432215382679479857E-145
004.spam SPAM 1
005.ham HAM 1.573646023941141206705768532E-75
006.spam SPAM 1
007.ham HAM 2.668505060710141758878477748E-134
008.spam SPAM 1
009.ham HAM 1.068810709697990458231737819E-57
010.spam SPAM 1
011.ham HAM 1.061842303471219422699372550E-48
013.ham HAM 4.905275609950797713156295028E-46
014.spam SPAM 0.9999999999999999988709971902
015.ham HAM 1.927087413822505259199616658E-44
016.spam SPAM 1
017.ham HAM 2.565672688900950428347094839E-88
018.spam SPAM 1
019.ham HAM 2.916424695184049897789865961E-128
020.spam SPAM 1
021.ham HAM 1.134908414117934123475769334E-122
022.spam SPAM 1
023.ham HAM 2.396514487286397418340522459E-60
024.spam SPAM 1
025.ham HAM 4.932418931449976427090724588E-63
026.spam SPAM 1
027.ham HAM 4.023279736667078889832632006E-88
028.spam SPAM 1
029.ham HAM 2.093845071001684559953966880E-49
030.spam SPAM 1
031.ham HAM 1.305406752891693362946793337E-63
032.spam SPAM 0.9999999999999999999999999649
033.ham HAM 7.546996295623699882285312383E-71
034.spam SPAM 1
035.ham HAM 5.189022360979332317313720176E-57
036.spam SPAM 1
037.ham HAM 1.453528573518509683554069683E-122
038.spam SPAM 0.9999999999999999999998071291
039.ham HAM 2.180239201023225466070316759E-106
040.spam SPAM 1
041.ham HAM 4.836040033354831542420364713E-124
042.spam SPAM 1
043.ham HAM 5.622218864836613466974295281E-89
044.spam SPAM 0.9999999999999999999999465603
045.ham HAM 3.895840300817687831742691671E-87
046.spam SPAM 0.9999999999999999999999999999
047.ham HAM 7.792322146192457287206763617E-101
048.spam SPAM 0.9999999999999999999998308698
049.ham HAM 1.167294785823722501252065335E-103
050.spam SPAM 0.9999999999999999999997179442
051.ham HAM 1.630596280526946603853410652E-91
052.spam SPAM 0.9999999999999999999999999785
053.ham HAM 8.334393290879499311159898348E-42
054.spam SPAM 0.9999999999999999999999999996
055.ham HAM 2.328273341812391702302746899E-100
056.spam SPAM 1
057.ham HAM 1.902068478507729923329897377E-55
058.spam SPAM 0.9999999999999999999998939280
059.ham HAM 8.445316713069384339616211699E-83
060.spam SPAM 0.9999999999999999999998628748
061.ham HAM 5.837498381287643237924883629E-75
062.spam SPAM 1
063.ham HAM 1.419451252270823863801721284E-76
064.spam SPAM 1
065.ham HAM 6.473171466364717368986425714E-66
066.spam SPAM 1
067.ham HAM 4.834705389565073190418204200E-77
068.spam SPAM 0.9999999999999999999999999708
069.ham HAM 7.424789632884223259054270137E-60
070.spam SPAM 1
071.ham HAM 2.428348122423451383979817759E-46
072.spam SPAM 1
073.ham HAM 8.274001456554694989772474946E-56
074.spam SPAM 1
075.ham HAM 1.555817477653993825038646459E-126
076.spam SPAM 0.9999999999999999999999999998
077.ham HAM 9.340731162331469003809879888E-52
078.spam SPAM 0.9999999999999998628271910525
079.ham HAM 7.755645089928168552199978718E-47
080.spam SPAM 1
081.ham HAM 2.218736095296000033130253776E-46
082.spam SPAM 0.9999999999999997605308686581
083.ham HAM 3.243569719353048528180137211E-42
084.spam SPAM 0.9999999999999999999999999974
085.ham HAM 2.140836249594287261101770875E-55
086.spam SPAM 0.9999999999999999999999999976
087.ham HAM 7.929678656452950272000577571E-32
088.spam SPAM 0.9999999999999999999999999998
089.ham HAM 1.288312716342737927135305582E-51
090.spam SPAM 0.9999999999999999999999999970
091.ham HAM 2.862356570474876351885346106E-64
092.spam SPAM 0.9999999999999999999631590446
093.ham HAM 1.006954478315686332306637904E-56
094.spam SPAM 1
095.ham HAM 7.935681066975271516067470410E-39
096.spam SPAM 1
097.ham HAM 2.241318211174760927653809362E-47
098.spam SPAM 1
099.ham HAM 8.330014759523948547054605710E-91
100.spam SPAM 1

HAM
Dictionary Size: 2593
Total Number of Words: 20552

SPAM
Dictionary Size: 5784
Total Number of Words: 22154
