001 HAM 1.330061145363601218624665294E-79
002 SPAM 1
003 HAM 1.324919887949897412139723173E-244
004 SPAM 1
005 HAM 1.716888248999201145604727736E-111
006 SPAM 1
007 HAM 4.031615598247376661166560008E-187
008 SPAM 1
009 HAM 9.557375320769558201710870129E-86
010 SPAM 1
011 HAM 6.883941309603403318753417814E-56
012 SPAM 1
013 HAM 3.509821314282631164551950537E-49
014 SPAM 0.9999999999999999999999767573
015 HAM 2.916265753635854795311939614E-46
016 SPAM 1
017 HAM 8.358648988875978647433352828E-100
018 SPAM 1
019 HAM 1.374160171819672173675772867E-231
020 SPAM 1
021 HAM 1.601582657858609687173766900E-192
022 SPAM 1
023 HAM 1.909754047745489335094362639E-84
024 SPAM 1
025 HAM 1.153538106683010610130784268E-82
026 SPAM 1
027 HAM 1.310656739602248209898018014E-99
028 SPAM 1
029 HAM 3.317638217593021456305632287E-69
030 SPAM 1
031 HAM 5.534105580456753406919107765E-84
032 SPAM 1
033 HAM 2.357985381553530479664039656E-97
034 SPAM 1
035 HAM 3.106636975203674203880077745E-71
036 SPAM 1
037 HAM 2.419988879074679364904451329E-193
038 SPAM 0.9999999999999999999999943937
039 HAM 1.823092620394379741419160638E-290
040 SPAM 1
041 HAM 5.405326350705177689786677838E-196
042 SPAM 1
043 HAM 2.085896244036822104726414317E-100
044 SPAM 0.9999999999999999999999985077
045 HAM 1.269255430408626488473520569E-98
046 SPAM 1
047 HAM 2.693783335503049078155244121E-253
048 SPAM 0.9999999999999999999999913310
049 HAM 6.083760367593596127277046763E-170
050 SPAM 0.9999999999999999999999918010
051 HAM 8.387880920293014656270819395E-124
052 SPAM 1
053 HAM 4.059153967519828792906184644E-42
054 SPAM 1
055 HAM 1.043577862837788542982124150E-159
056 SPAM 1
057 HAM 1.760938233736501461654805852E-62
058 SPAM 0.9999999999999999999999969167
059 HAM 2.226327551261928998791390768E-125
060 SPAM 0.9999999999999999999999863715
061 HAM 8.411213219587282750534222306E-157
062 SPAM 1
063 HAM 8.633642820710619603976862000E-172
064 SPAM 1
065 HAM 3.457507879635953214541913015E-122
066 SPAM 1
067 HAM 3.458308202636790232611944840E-114
068 SPAM 1
069 HAM 8.472019292861631044668583748E-85
070 SPAM 1
071 HAM 9.670152394751577654175394357E-54
072 SPAM 1
073 HAM 4.663324726377790509388429273E-63
074 SPAM 1
075 HAM 1.779772293594662555463061806E-202
076 SPAM 1
077 HAM 3.106230142884144724566150172E-75
078 SPAM 0.9999999999999999999992902463
079 HAM 1.417161365542233760739030103E-53
080 SPAM 1
081 HAM 6.372654182758130434839343330E-54
082 SPAM 0.9999999999999986621039775158
083 HAM 3.458824331850965482003482263E-45
084 SPAM 1
085 HAM 6.094016328801406595492953801E-84
086 SPAM 1
087 HAM 3.413746553031363166747001174E-35
088 SPAM 1
089 HAM 1.586602097845692896699994943E-64
090 SPAM 1
091 HAM 2.201765805246433322488592792E-90
092 SPAM 1
093 HAM 6.170335892332142421828133728E-70
094 SPAM 1
095 HAM 2.221240359315885406115308640E-40
096 SPAM 1
097 HAM 2.285857681215032120353101380E-55
098 SPAM 1
099 HAM 1.121338168510764731204148376E-104
100 SPAM 1

HAM
Dictionary Size: 2593
Total Number of Words: 20552

SPAM
Dictionary Size: 5784
Total Number of Words: 22154
