001 SPAM 1
002 SPAM 1
003 SPAM 0.9999999999999719949106775455
004 SPAM 1
005 SPAM 0.9999999999999999999999960079
006 SPAM 1
007 SPAM 1
008 SPAM 1
009 SPAM 0.9999999999982315667119693237
010 SPAM 1
011 SPAM 1
012 SPAM 1
013 SPAM 1
014 SPAM 1
015 SPAM 0.9999999999999999258565532387
016 SPAM 1
017 SPAM 1
018 SPAM 0.9999999949109666976810203693
019 SPAM 1
020 SPAM 1
021 SPAM 0.9999999999998436848329111009
022 SPAM 1
023 SPAM 1
024 SPAM 1
025 SPAM 1
026 SPAM 1
027 SPAM 1
028 SPAM 1
029 SPAM 1
030 SPAM 1
031 SPAM 0.9999999999999999999999988135
032 SPAM 1
033 SPAM 1
034 SPAM 0.9999999958630224574349040756
035 SPAM 1
036 SPAM 1
037 SPAM 1
038 SPAM 1
039 SPAM 0.9999999999999019058988222623
040 SPAM 1
041 SPAM 1
042 SPAM 1
043 SPAM 0.9999999136892656458203481898
044 SPAM 1
045 SPAM 0.9999900272321342670484657268
046 SPAM 1
047 SPAM 0.9999999997909500513990561135
048 SPAM 1
049 SPAM 1
050 SPAM 1
051 SPAM 1
052 SPAM 1
053 SPAM 1
054 SPAM 1
055 SPAM 0.9999999721402420589377981008
056 SPAM 0.9999881226509571891306680133
057 SPAM 1
058 SPAM 1
059 SPAM 1
060 SPAM 0.9999999999999999075253881041
061 SPAM 1
062 SPAM 0.9999998796698732875553826391
063 SPAM 0.9999999999999999999999999997
064 SPAM 0.9999964211901820447526740948
065 SPAM 0.9999999999999997712062746946
066 SPAM 1
067 SPAM 0.9999999997622463586204484829
068 SPAM 1
069 HAM 0.2119426278549429158614785265
070 SPAM 1
071 SPAM 0.9999999999997702216094602288
072 SPAM 1
073 SPAM 1
074 SPAM 1
075 SPAM 0.9999999961507928658827897467
076 SPAM 1
077 SPAM 0.9999999999999999999999999975
078 SPAM 1
079 SPAM 1
080 SPAM 1
081 SPAM 0.9999999999999999999999999106
082 SPAM 0.9999999999999999834711959201
083 SPAM 1
084 SPAM 0.9999999999999999999999998583
085 SPAM 0.9999999999999999899190827301
086 SPAM 1
087 SPAM 0.9999999998906627681280754400
088 SPAM 0.9999998248922637484873942622
089 SPAM 1
090 SPAM 1
091 SPAM 1
092 SPAM 0.9999998204637118753430209220
093 SPAM 1
094 SPAM 1
095 SPAM 1
096 SPAM 0.9999999999984641469969262274
097 SPAM 1
098 SPAM 0.9999999999999999999752275397
099 SPAM 0.9999999693175116718815066445
100 SPAM 0.9999999999999999999999928720
101 SPAM 1
102 SPAM 1
103 SPAM 0.9999999999999999997311491567
104 SPAM 0.9999999999887898113242504419
105 SPAM 0.9999973884591363306076386615
106 SPAM 0.9999999999999953532775398098
107 SPAM 1
108 SPAM 0.9999999999999999999998921787
109 SPAM 0.9999999999999983189878546551
110 SPAM 0.9999999454314121772791722129
111 SPAM 0.9999999763779459789167167652
112 SPAM 1
113 SPAM 1
114 SPAM 1
115 SPAM 1
116 SPAM 1
117 SPAM 0.9999999781010668717786733731
118 SPAM 1
119 SPAM 0.9999999997235529081947824296
120 SPAM 1
121 SPAM 0.9999999733132451103522698486
122 SPAM 1
123 SPAM 1
124 SPAM 0.9999999999235007190704886781
125 SPAM 0.9999996829142487133188125296
126 SPAM 0.9999999998217322475355315896
127 SPAM 0.9999999999999999999999992438
128 SPAM 0.9999999998990089974779211589
129 SPAM 1
130 SPAM 1
131 SPAM 1
132 SPAM 1
133 SPAM 1
134 SPAM 1
135 SPAM 1
136 SPAM 1
137 SPAM 0.9999999908214551172847634458
138 SPAM 0.9999998965251234484448749884
139 SPAM 1
140 SPAM 1
141 SPAM 0.9999999906160829454365057853
142 SPAM 1
143 SPAM 0.9999999855378198708884589187
144 SPAM 1
145 SPAM 0.9999999999995556589621021470
146 SPAM 0.9999996216492034171564371485
147 SPAM 1
148 SPAM 0.9999999999999999995652833673
149 SPAM 0.9999999998197331047303176970
150 SPAM 1
151 SPAM 1
152 SPAM 1
153 SPAM 0.9999999999998122178571317934
154 SPAM 0.9999999998837795561627905871
155 SPAM 1
156 SPAM 0.9999999999999999999998462354
157 SPAM 0.9949410567042972447009056694
158 SPAM 0.9999999999916347744091686331
159 SPAM 1
160 SPAM 0.9999995578994547470704343251
161 SPAM 0.9999999999999999999999981975
162 SPAM 1
163 SPAM 1
164 SPAM 1
165 SPAM 1
166 SPAM 0.9999999999956162342459254419
167 SPAM 1
168 SPAM 1
169 SPAM 0.9985662105225758657124403976
170 SPAM 0.9999999998705125080149418302
171 SPAM 0.9999999999999999857810905071
172 SPAM 1
173 SPAM 0.9999999999999999999806777637
174 SPAM 0.9999999338027979188433249240
175 SPAM 1
176 SPAM 1
177 SPAM 0.9999914121990610988151702683
178 SPAM 0.9999999999943316582550337299
179 SPAM 1
180 SPAM 0.9999999999999810715510734849
181 SPAM 1
182 SPAM 1
183 SPAM 1
184 SPAM 1
185 SPAM 1
186 SPAM 1
187 SPAM 1
188 SPAM 0.9999999999984352157903966372
189 SPAM 1
190 SPAM 0.9999999999999842639621523662
191 SPAM 1
192 SPAM 1
193 SPAM 1
194 SPAM 0.9999999999999998762477799099
195 SPAM 1
196 SPAM 0.9999996704699191196088236301
197 SPAM 1
198 SPAM 1
199 SPAM 0.9999999986952162951491182718
200 SPAM 1
201 SPAM 1
202 SPAM 1
203 SPAM 0.9999999999851009312966880531
204 SPAM 0.9999999999999999999974871034
205 SPAM 0.9999999999991445859029425836
206 SPAM 1
207 SPAM 1
208 SPAM 1
209 SPAM 1
210 SPAM 0.9999950998161896709057045329
211 SPAM 1
212 SPAM 0.9999994502977349809976460300
213 SPAM 1
214 SPAM 0.9999999995583592006836821944
215 SPAM 1
216 SPAM 0.9999999909159805187895885762
217 SPAM 1
218 SPAM 1
219 SPAM 1
220 SPAM 1
221 SPAM 1
222 SPAM 0.9999999999955907679142348189
223 SPAM 1
224 SPAM 1
225 SPAM 0.9999998935132248161371111450
226 SPAM 0.9995165645246621113875445249
227 SPAM 0.9998159473129679879513927433
228 SPAM 1
229 SPAM 0.9999999999999961425418252580
230 SPAM 1
231 SPAM 1
232 SPAM 1
233 SPAM 1
234 SPAM 1
235 SPAM 0.9999989023359764666973688086
236 SPAM 1
237 SPAM 1
238 SPAM 1
239 HAM 0.02179576020683169284899012269
240 SPAM 0.9999999999999673418683383677
241 SPAM 0.9999999999961023306826679150
242 SPAM 1
243 SPAM 1
244 SPAM 1
245 SPAM 1
246 SPAM 1
247 SPAM 1
248 SPAM 1
249 SPAM 0.9994235789582872167789806247
250 SPAM 1
251 SPAM 0.9999999994404900825154471651
252 SPAM 1
253 SPAM 1
254 SPAM 1
255 SPAM 0.9999999999999999999999493443
256 SPAM 1
257 SPAM 0.9999999999999978617194899768
258 SPAM 0.9999999988410693850759465180
259 SPAM 1
260 SPAM 0.9999999925190214731114415126
261 SPAM 1
262 SPAM 0.9999998062647291223819701657
263 SPAM 1
264 SPAM 1
265 SPAM 0.9999999943534572440392280011
266 SPAM 1
267 SPAM 1
268 SPAM 0.9999999999999999999999999925
269 SPAM 1
270 SPAM 1
271 SPAM 1
272 SPAM 1
273 SPAM 0.9999996423048659264047622607
274 SPAM 1
275 SPAM 0.9999999999999999999999912384
276 SPAM 1
277 SPAM 0.9999929601904547365843023613
278 SPAM 1
279 SPAM 1
280 SPAM 0.9999999064403755874993517668
281 SPAM 1
282 SPAM 1
283 SPAM 0.9999995112012247179329405960
284 SPAM 1
285 SPAM 1
286 SPAM 0.9999999984330596386435123853
287 SPAM 1
288 SPAM 0.9999999999605658528170088137
289 SPAM 1
290 SPAM 0.9999001828433032361350788708
291 SPAM 1
292 SPAM 0.9999999999999997710064865100
293 SPAM 1
294 SPAM 1
295 HAM 0.1571556241351298109223968401
296 SPAM 1
297 SPAM 1
298 SPAM 1
299 SPAM 1
300 SPAM 1

HAM
Dictionary Size: 11471
Total Number of Words: 83207

SPAM
Dictionary Size: 9073
Total Number of Words: 78893
