0001.1999-12-10.kaminski.ham HAM 0.1773539198051300970632759670
0002.2001-05-25.SA_and_HP.spam SPAM 0.9997953581778937105597455488
0003.1999-12-10.kaminski.ham HAM 1.154910315419891957067811577E-7
0004.1999-12-10.kaminski.ham HAM 4.769289556875568181898303508E-7
0005.1999-12-12.kaminski.ham HAM 3.952470420027750763687304937E-8
0006.1999-12-13.kaminski.ham HAM 0.0002892607744301737329216194378
0007.1999-12-13.kaminski.ham HAM 9.133347102430239765675604457E-28
0008.2001-06-12.SA_and_HP.spam SPAM 0.9321388316672992586192239405
0009.1999-12-13.kaminski.ham HAM 2.473052493482115837318562498E-21
0010.1999-12-14.kaminski.ham HAM 0.02251822829527711940537135261
0011.2001-06-28.SA_and_HP.spam SPAM 0.9999999999998414578859971663
0012.1999-12-14.kaminski.ham HAM 1.546660899032058034736756545E-15
0013.1999-12-14.kaminski.ham HAM 1.141875657850803833957478352E-16
0014.1999-12-14.kaminski.ham HAM 1.109597899147625883636452478E-17
0015.1999-12-14.kaminski.ham HAM 2.405601943386209503417576345E-11
0016.2001-07-05.SA_and_HP.spam SPAM 0.9998889669921878801268259507
0017.1999-12-14.kaminski.ham HAM 0.00006141134206166212807096105521
0018.1999-12-14.kaminski.ham HAM 0.0001132759980085540752306660379
0019.2001-07-06.SA_and_HP.spam SPAM 0.9999859947132341554527924453
0020.1999-12-14.kaminski.ham HAM 2.896816617630991826622930671E-19
0021.1999-12-15.kaminski.ham HAM 6.525406870357716840128738842E-7
0022.1999-12-15.kaminski.ham HAM 6.677735933199565710745445193E-13
0023.1999-12-15.kaminski.ham HAM 9.346229774495088014383216697E-10
0024.1999-12-15.kaminski.ham HAM 0.001162695166730271044597076576
0025.1999-12-15.kaminski.ham HAM 1.808357835987348131994782200E-13
0026.2001-07-13.SA_and_HP.spam SPAM 0.9734889911474575092311238664
0027.1999-12-16.kaminski.ham HAM 1.183844629424391806360066596E-31
0028.1999-12-16.kaminski.ham HAM 2.015871909592605558303266487E-10
0029.1999-12-16.kaminski.ham HAM 1.867357636301985284206780433E-16
0030.2001-08-01.SA_and_HP.spam SPAM 0.9999999578133276114951824478
0031.1999-12-16.kaminski.ham HAM 1.691075823038031794083679773E-12
0032.2001-08-01.SA_and_HP.spam HAM 0.01632036939157038211647309840
0033.1999-12-16.kaminski.ham HAM 3.633780521651318886867282696E-13
0034.1999-12-16.kaminski.ham HAM 5.614301715044527389431466882E-23
0035.1999-12-16.kaminski.ham HAM 4.836260547293781144451460447E-13
0036.1999-12-16.kaminski.ham HAM 5.306986424306074361577197142E-20
0037.1999-12-16.kaminski.ham HAM 9.911172851893208301846434390E-14
0038.1999-12-17.kaminski.ham SPAM 0.9945207965829715965658781264
0039.2001-08-01.SA_and_HP.spam HAM 0.001567533109443717742246489916
0040.1999-12-17.kaminski.ham HAM 1.431544707692386818559793126E-12
0041.1999-12-17.kaminski.ham HAM 3.112617102954815612550032829E-16
0042.1999-12-19.kaminski.ham SPAM 0.8111685003086155757846304673
0043.1999-12-20.kaminski.ham HAM 8.687330573105690359758468233E-15
0044.1999-12-20.kaminski.ham HAM 0.1078271560826784021602575360
0045.1999-12-20.kaminski.ham HAM 0.0007517955369400844879408451383
0046.1999-12-21.kaminski.ham HAM 9.439397308435041519489842393E-16
0047.1999-12-21.kaminski.ham HAM 8.439408166082602044347754105E-15
0048.1999-12-21.kaminski.ham HAM 0.1390663656454221495221754311
0049.1999-12-21.kaminski.ham HAM 0.04282109930293972835997511662
0050.1999-12-21.kaminski.ham HAM 0.1431667483064771367080820676
0051.1999-12-21.kaminski.ham HAM 8.890771567201534789480063567E-27
0052.2001-08-03.SA_and_HP.spam SPAM 0.9999999999993821046934142076
0053.1999-12-22.kaminski.ham HAM 0.001036626237202103586428383738
0054.1999-12-22.kaminski.ham HAM 0.000001415313680519091107208117323
0055.1999-12-22.kaminski.ham HAM 3.250352784825029705811693554E-18
0056.2001-08-05.SA_and_HP.spam HAM 0.06322378650489775765349816262
0057.1999-12-23.kaminski.ham HAM 5.260500013302864566487150288E-8
0058.2001-08-05.SA_and_HP.spam SPAM 0.9999999999999995301524670401
0059.1999-12-25.kaminski.ham HAM 2.226234732661224486770745161E-19
0060.1999-12-26.kaminski.ham HAM 1.249694355406952607847534091E-8
0061.2001-08-05.SA_and_HP.spam SPAM 0.9657846958760795567520129416
0062.1999-12-27.kaminski.ham HAM 0.0006305737126050355561247615259
0063.1999-12-27.kaminski.ham HAM 0.0002046896777846874679486275066
0064.2001-08-18.SA_and_HP.spam SPAM 0.9859893187314376096320273798
0065.1999-12-28.kaminski.ham HAM 0.3601182972361113866291111732
0066.1999-12-30.kaminski.ham HAM 4.044946739965721484334405774E-17
0067.1999-12-30.kaminski.ham HAM 4.501794633236232336788235228E-12
0068.2001-09-17.SA_and_HP.spam SPAM 0.9999998383911816068747695934
0069.1999-12-30.kaminski.ham HAM 2.423818085637360110338933525E-11
0070.1999-12-30.kaminski.ham HAM 0.00001933021293196049956610737174
0071.2002-01-01.SA_and_HP.spam SPAM 0.9999999957444878508138064959
0072.2002-01-20.SA_and_HP.spam SPAM 0.8356441177333044722032823669
0073.1999-12-30.kaminski.ham HAM 1.084783562118213252010685160E-15
0074.2000-01-01.kaminski.ham HAM 0.006551064218457102977378839666
0075.2000-01-03.kaminski.ham HAM 1.174870457564859849858029008E-12
0076.2002-02-10.SA_and_HP.spam SPAM 0.7135591880119606844051821295
0077.2000-01-03.kaminski.ham HAM 7.007040649883094891927211391E-11
0078.2000-01-04.kaminski.ham HAM 2.322611870005608822444726170E-9
0079.2000-01-04.kaminski.ham HAM 1.590946452955444605834499834E-14
0080.2000-01-04.kaminski.ham HAM 1.096083821707966004959549952E-14
0081.2000-01-04.kaminski.ham HAM 0.006659762786856357101049341170
0082.2000-01-04.kaminski.ham HAM 0.0003092238644888746280391561068
0083.2000-01-05.kaminski.ham SPAM 0.8935418004473519371306818291
0084.2000-01-05.kaminski.ham HAM 9.350201740427388436006751994E-18
0085.2000-01-05.kaminski.ham HAM 3.580899472994187794689844436E-17
0086.2000-01-05.kaminski.ham HAM 4.179092597090930616330191265E-12
0087.2000-01-05.kaminski.ham HAM 0.003929212726736312534773478781
0088.2002-02-15.SA_and_HP.spam SPAM 0.9865093677980958416219552673
0089.2000-01-05.kaminski.ham HAM 4.230446355351327800105009733E-19
0090.2000-01-05.kaminski.ham HAM 1.002354722199607167844599789E-22
0091.2000-01-05.kaminski.ham HAM 1.677408193514213343648955781E-26
0092.2000-01-05.kaminski.ham SPAM 0.5294044379758419011710803862
0093.2000-01-05.kaminski.ham HAM 0.000003855904712065244588404697577
0094.2000-01-06.kaminski.ham HAM 9.900100316971210468849861041E-15
0095.2000-01-06.kaminski.ham HAM 5.891187688678449353607657700E-7
0096.2002-02-20.SA_and_HP.spam HAM 0.03190559278491867385214373841
0097.2000-01-06.kaminski.ham HAM 9.751238888933764698836083689E-13
0098.2002-02-22.SA_and_HP.spam SPAM 0.9999991187475837823851154944
0099.2000-01-06.kaminski.ham HAM 2.774815598319973658884752146E-21
0100.2000-01-06.kaminski.ham HAM 1.840956556890345681959988473E-23

HAM
Dictionary Size: 2298
Total Number of Words: 14572

SPAM
Dictionary Size: 6881
Total Number of Words: 20403
