001 SPAM 1
002 SPAM 1
003 SPAM 0.9999999999999997165232911458
004 SPAM 0.9999999999999999999999999986
005 SPAM 0.9999999999999999999998899637
006 SPAM 1
007 SPAM 1
008 SPAM 1
009 SPAM 0.9999999999999988711541995059
010 SPAM 1
011 SPAM 1
012 SPAM 1
013 SPAM 1
014 SPAM 1
015 SPAM 0.9999999999999999999901558080
016 SPAM 1
017 SPAM 1
018 SPAM 0.9999999966379056948880331967
019 SPAM 1
020 SPAM 1
021 SPAM 0.9999999999999849553693879826
022 SPAM 1
023 SPAM 1
024 SPAM 1
025 SPAM 1
026 SPAM 1
027 SPAM 1
028 SPAM 1
029 SPAM 1
030 SPAM 1
031 SPAM 0.9999999999999999999999265708
032 SPAM 0.9999999999999999999999999983
033 SPAM 1
034 SPAM 0.9999999972668859082917491761
035 SPAM 1
036 SPAM 1
037 SPAM 1
038 SPAM 1
039 SPAM 0.9999999999999889661005819725
040 SPAM 1
041 SPAM 1
042 SPAM 1
043 SPAM 0.9999999750302532700568514897
044 SPAM 1
045 SPAM 0.9998149235478187924702076629
046 SPAM 1
047 SPAM 0.9999999999897315542861506395
048 SPAM 1
049 SPAM 1
050 SPAM 1
051 SPAM 1
052 SPAM 1
053 SPAM 1
054 SPAM 1
055 SPAM 0.9999999881603616560250363328
056 SPAM 0.9997795853525402190029315607
057 SPAM 1
058 SPAM 1
059 SPAM 1
060 SPAM 0.9999999999999999386951744578
061 SPAM 1
062 SPAM 0.9999999999519447888088757137
063 SPAM 1
064 SPAM 0.9999999961989946456809037789
065 SPAM 0.9999999999999999027688996682
066 SPAM 1
067 SPAM 0.9999999998429269146221470792
068 SPAM 1
069 SPAM 0.9985044352646366150707810380
070 SPAM 1
071 SPAM 0.9999999999997199642520623569
072 SPAM 1
073 SPAM 1
074 SPAM 1
075 SPAM 0.9999999974570028116204622584
076 SPAM 1
077 SPAM 1
078 SPAM 1
079 SPAM 1
080 SPAM 1
081 SPAM 0.9999999999999999999999995906
082 SPAM 0.9999999999999999763400678344
083 SPAM 1
084 SPAM 0.9999999999999999999999988833
085 SPAM 0.9999999999999999892976334181
086 SPAM 1
087 SPAM 0.9999999999951834814238814322
088 SPAM 0.9999999986097692374729644081
089 SPAM 1
090 SPAM 1
091 SPAM 1
092 SPAM 0.9999484539499817397280859631
093 SPAM 1
094 SPAM 1
095 SPAM 1
096 SPAM 0.9999999999981282237053380642
097 SPAM 1
098 SPAM 0.9999999999999999960962105892
099 SPAM 0.9999999961542423979491482597
100 SPAM 0.9999999999999999999946825970
101 SPAM 1
102 SPAM 1
103 SPAM 0.9999999999999999913569478059
104 SPAM 0.9999999999988449998422555956
105 SPAM 0.9999999883188998879847439497
106 SPAM 0.9999999999999999999092964367
107 SPAM 1
108 SPAM 0.9999999999999999999793192222
109 SPAM 0.9999999999999999999454447679
110 SPAM 0.9999999334961173391659686786
111 SPAM 0.9999999712113070515418508671
112 SPAM 1
113 SPAM 1
114 SPAM 1
115 SPAM 1
116 SPAM 1
117 SPAM 0.9999999999125093318569074871
118 SPAM 1
119 SPAM 0.9999999998350261248308304762
120 SPAM 1
121 SPAM 0.9999999823692670171546192946
122 SPAM 1
123 SPAM 1
124 SPAM 0.9999999999494603825438552482
125 SPAM 0.9999999992359870485296932727
126 SPAM 0.9999999998822265529144806157
127 SPAM 0.9999999999999976555471631202
128 SPAM 0.9999999999499164342134386090
129 SPAM 1
130 SPAM 1
131 SPAM 1
132 SPAM 1
133 SPAM 1
134 SPAM 1
135 SPAM 1
136 SPAM 1
137 SPAM 0.9999999770527489569675356429
138 SPAM 0.9999999316388233041003517527
139 SPAM 1
140 SPAM 1
141 SPAM 0.9999999617688902003672141611
142 SPAM 1
143 SPAM 0.9999999999238098781016021749
144 SPAM 1
145 SPAM 0.9999999999993636281900999789
146 SPAM 0.9999999411153685062212190533
147 SPAM 1
148 SPAM 0.9999999999999999999302195993
149 SPAM 0.9999999998809058096160111837
150 SPAM 1
151 SPAM 0.9999999999999999999999993644
152 SPAM 1
153 SPAM 0.9999999999999153417518759221
154 SPAM 0.9999999999232184054434795550
155 SPAM 1
156 SPAM 0.9999999999999999999792687423
157 SPAM 0.9966520372664046916656615151
158 SPAM 0.9999999999898051239740669119
159 SPAM 1
160 SPAM 0.9999999988449157615086921464
161 SPAM 0.9999999999999967761142243593
162 SPAM 1
163 SPAM 0.9999999999999999999999997101
164 SPAM 1
165 SPAM 1
166 SPAM 0.9999999999985638802353654673
167 SPAM 1
168 SPAM 1
169 SPAM 0.9990522989901789073402226457
170 SPAM 0.9999999915236012048880751071
171 SPAM 0.9999999999999999996009167736
172 SPAM 1
173 SPAM 0.9999999999999999998689145606
174 SPAM 0.9999997303053677399168871527
175 SPAM 1
176 SPAM 1
177 SPAM 0.9999998332757105118917765058
178 SPAM 0.9999999999930918729285765441
179 SPAM 1
180 SPAM 0.9999999999999887964822853292
181 SPAM 1
182 SPAM 1
183 SPAM 1
184 SPAM 1
185 SPAM 1
186 SPAM 1
187 SPAM 1
188 SPAM 0.9999999999999972543382135091
189 SPAM 1
190 SPAM 0.9999999999999992640293701545
191 SPAM 1
192 SPAM 1
193 SPAM 1
194 SPAM 0.9999999999999998536431616235
195 SPAM 1
196 SPAM 0.9999997822943446323147002647
197 SPAM 1
198 SPAM 1
199 SPAM 0.9999999991379883767218299842
200 SPAM 1
201 SPAM 1
202 SPAM 1
203 SPAM 0.9999999999999935506919457575
204 SPAM 0.9999999999999999999995067714
205 SPAM 0.9999999999815361214277705142
206 SPAM 1
207 SPAM 1
208 SPAM 1
209 SPAM 1
210 SPAM 0.9999999983995322068568701153
211 SPAM 1
212 SPAM 0.9999999998762205037365643267
213 SPAM 1
214 SPAM 0.9999999997082278842097218895
215 SPAM 1
216 SPAM 0.9999999939985988708718407570
217 SPAM 1
218 SPAM 1
219 SPAM 1
220 SPAM 1
221 SPAM 1
222 SPAM 0.9999999999580804884709856507
223 SPAM 1
224 SPAM 1
225 SPAM 0.9999999296489978614868665451
226 SPAM 0.9994108893292646603479951168
227 SPAM 0.9999999532997376653336386303
228 SPAM 1
229 SPAM 0.9999999999999999999362351955
230 SPAM 1
231 SPAM 0.9999999999999999999999999995
232 SPAM 1
233 SPAM 1
234 SPAM 1
235 SPAM 0.9999999992973283098035513333
236 SPAM 1
237 SPAM 1
238 SPAM 1
239 SPAM 0.9927783889819544260706444792
240 SPAM 0.9999999999999885841489227831
241 SPAM 0.9999999999997896862266998877
242 SPAM 1
243 SPAM 1
244 SPAM 1
245 SPAM 1
246 SPAM 1
247 SPAM 1
248 SPAM 1
249 SPAM 0.9989765315459521033951595206
250 SPAM 1
251 SPAM 0.9999999996303570850126169695
252 SPAM 1
253 SPAM 1
254 SPAM 1
255 SPAM 0.9999999999999999999999184250
256 SPAM 1
257 SPAM 0.9999999999999999997802885164
258 SPAM 0.9999999992343469213526249645
259 SPAM 1
260 SPAM 0.9999999998712570005575566802
261 SPAM 1
262 SPAM 0.9999999997626310510533007217
263 SPAM 1
264 SPAM 1
265 SPAM 0.9999999999605939934182238791
266 SPAM 1
267 SPAM 1
268 SPAM 1
269 SPAM 1
270 SPAM 0.9999999999999999999999951868
271 SPAM 1
272 SPAM 1
273 SPAM 0.9999999999999995320405641768
274 SPAM 1
275 SPAM 0.9999999999999999999999999997
276 SPAM 1
277 SPAM 0.9999914204495416150068770384
278 SPAM 1
279 SPAM 1
280 SPAM 0.9999999997964368909947792645
281 SPAM 1
282 SPAM 0.9999999999999999999999998401
283 SPAM 0.9999994042907356451502247228
284 SPAM 1
285 SPAM 1
286 SPAM 0.9999999999102729458487973208
287 SPAM 1
288 SPAM 0.9999999999739476412183663378
289 SPAM 1
290 SPAM 0.9998783533916263514711519347
291 SPAM 1
292 SPAM 0.9999999999999999999936065892
293 SPAM 1
294 SPAM 1
295 SPAM 0.9983342247317635080639525874
296 SPAM 1
297 SPAM 1
298 SPAM 1
299 SPAM 1
300 SPAM 1

HAM
Dictionary Size: 11471
Total Number of Words: 83207

SPAM
Dictionary Size: 9073
Total Number of Words: 78893
